<?xml version="1.0" encoding="UTF-8"?>
<testng-results ignored="0" total="1" passed="1" failed="0" skipped="0">
  <reporter-output>
  </reporter-output>
  <suite started-at="2023-10-23T13:08:56 PDT" name="Default suite" finished-at="2023-10-23T13:08:58 PDT" duration-ms="2243">
    <groups>
    </groups>
    <test started-at="2023-10-23T13:08:56 PDT" name="Default test" finished-at="2023-10-23T13:08:58 PDT" duration-ms="2243">
      <class name="project2.lablab">
        <test-method is-config="true" signature="mySetup()[pri:0, instance:project2.lablab@10027fc9]" started-at="2023-10-23T13:08:56 PDT" name="mySetup" finished-at="2023-10-23T13:08:58 PDT" duration-ms="2183" status="PASS">
          <reporter-output>
          </reporter-output>
        </test-method> <!-- mySetup -->
        <test-method signature="myTest()[pri:0, instance:project2.lablab@10027fc9]" started-at="2023-10-23T13:08:58 PDT" name="myTest" finished-at="2023-10-23T13:08:58 PDT" duration-ms="8" status="PASS">
          <reporter-output>
          </reporter-output>
        </test-method> <!-- myTest -->
        <test-method is-config="true" signature="myAfter()[pri:0, instance:project2.lablab@10027fc9]" started-at="2023-10-23T13:08:58 PDT" name="myAfter" finished-at="2023-10-23T13:08:58 PDT" duration-ms="1" status="PASS">
          <reporter-output>
          </reporter-output>
        </test-method> <!-- myAfter -->
      </class> <!-- project2.lablab -->
    </test> <!-- Default test -->
  </suite> <!-- Default suite -->
</testng-results>
